

Started GET "/api/hello" for 127.0.0.1 at 2016-10-10 19:00:24 +0800


Started GET "/api/hello" for 127.0.0.1 at 2016-10-10 19:03:55 +0800

ActionController::RoutingError (No route matches [GET] "/api/hello"):
  actionpack (4.2.5) lib/action_dispatch/middleware/debug_exceptions.rb:21:in `call'
  web-console (2.3.0) lib/web_console/middleware.rb:28:in `block in call'
  web-console (2.3.0) lib/web_console/middleware.rb:18:in `catch'
  web-console (2.3.0) lib/web_console/middleware.rb:18:in `call'
  actionpack (4.2.5) lib/action_dispatch/middleware/show_exceptions.rb:30:in `call'
  railties (4.2.5) lib/rails/rack/logger.rb:38:in `call_app'
  railties (4.2.5) lib/rails/rack/logger.rb:20:in `block in call'
  activesupport (4.2.5) lib/active_support/tagged_logging.rb:68:in `block in tagged'
  activesupport (4.2.5) lib/active_support/tagged_logging.rb:26:in `tagged'
  activesupport (4.2.5) lib/active_support/tagged_logging.rb:68:in `tagged'
  railties (4.2.5) lib/rails/rack/logger.rb:20:in `call'
  actionpack (4.2.5) lib/action_dispatch/middleware/request_id.rb:21:in `call'
  rack (1.6.4) lib/rack/methodoverride.rb:22:in `call'
  rack (1.6.4) lib/rack/runtime.rb:18:in `call'
  activesupport (4.2.5) lib/active_support/cache/strategy/local_cache_middleware.rb:28:in `call'
  rack (1.6.4) lib/rack/lock.rb:17:in `call'
  actionpack (4.2.5) lib/action_dispatch/middleware/static.rb:116:in `call'
  rack (1.6.4) lib/rack/sendfile.rb:113:in `call'
  railties (4.2.5) lib/rails/engine.rb:518:in `call'
  railties (4.2.5) lib/rails/application.rb:165:in `call'
  rack (1.6.4) lib/rack/lock.rb:17:in `call'
  rack (1.6.4) lib/rack/content_length.rb:15:in `call'
  rack (1.6.4) lib/rack/handler/webrick.rb:88:in `service'
  D:/Ruby23/lib/ruby/2.3.0/webrick/httpserver.rb:140:in `service'
  D:/Ruby23/lib/ruby/2.3.0/webrick/httpserver.rb:96:in `run'
  D:/Ruby23/lib/ruby/2.3.0/webrick/server.rb:296:in `block in start_thread'


  Rendered D:/Ruby23/lib/ruby/gems/2.3.0/gems/actionpack-4.2.5/lib/action_dispatch/middleware/templates/rescues/_trace.html.erb (3.0ms)
  Rendered D:/Ruby23/lib/ruby/gems/2.3.0/gems/actionpack-4.2.5/lib/action_dispatch/middleware/templates/routes/_route.html.erb (1.0ms)
  Rendered D:/Ruby23/lib/ruby/gems/2.3.0/gems/actionpack-4.2.5/lib/action_dispatch/middleware/templates/routes/_table.html.erb (18.0ms)
  Rendered D:/Ruby23/lib/ruby/gems/2.3.0/gems/actionpack-4.2.5/lib/action_dispatch/middleware/templates/rescues/_request_and_response.html.erb (16.0ms)
  Rendered D:/Ruby23/lib/ruby/gems/2.3.0/gems/actionpack-4.2.5/lib/action_dispatch/middleware/templates/rescues/routing_error.html.erb within rescues/layout (2812.2ms)
  Rendered D:/Ruby23/lib/ruby/gems/2.3.0/gems/web-console-2.3.0/lib/web_console/templates/_markup.html.erb (1.0ms)
  Rendered D:/Ruby23/lib/ruby/gems/2.3.0/gems/web-console-2.3.0/lib/web_console/templates/_inner_console_markup.html.erb within layouts/inlined_string (0.0ms)
  Rendered D:/Ruby23/lib/ruby/gems/2.3.0/gems/web-console-2.3.0/lib/web_console/templates/_prompt_box_markup.html.erb within layouts/inlined_string (1.0ms)
  Rendered D:/Ruby23/lib/ruby/gems/2.3.0/gems/web-console-2.3.0/lib/web_console/templates/style.css.erb within layouts/inlined_string (0.0ms)
  Rendered D:/Ruby23/lib/ruby/gems/2.3.0/gems/web-console-2.3.0/lib/web_console/templates/console.js.erb within layouts/javascript (1854.1ms)
  Rendered D:/Ruby23/lib/ruby/gems/2.3.0/gems/web-console-2.3.0/lib/web_console/templates/main.js.erb within layouts/javascript (0.0ms)
  Rendered D:/Ruby23/lib/ruby/gems/2.3.0/gems/web-console-2.3.0/lib/web_console/templates/error_page.js.erb within layouts/javascript (0.0ms)
  Rendered D:/Ruby23/lib/ruby/gems/2.3.0/gems/web-console-2.3.0/lib/web_console/templates/index.html.erb (4252.2ms)


Started GET "/api/games/hello" for 127.0.0.1 at 2016-10-10 19:04:12 +0800


Started GET "/api/games/true_words" for 127.0.0.1 at 2016-10-10 19:04:21 +0800


Started GET "/api/games/adventures" for 127.0.0.1 at 2016-10-10 19:40:29 +0800

NoMethodError (undefined method `[]' for nil:NilClass):
  app/apis/games_api.rb:10:in `block in <class:GamesApi>'


  Rendered D:/Ruby23/lib/ruby/gems/2.3.0/gems/actionpack-4.2.5/lib/action_dispatch/middleware/templates/rescues/_source.erb (1.0ms)
  Rendered D:/Ruby23/lib/ruby/gems/2.3.0/gems/actionpack-4.2.5/lib/action_dispatch/middleware/templates/rescues/_trace.html.erb (4.0ms)
  Rendered D:/Ruby23/lib/ruby/gems/2.3.0/gems/actionpack-4.2.5/lib/action_dispatch/middleware/templates/rescues/_request_and_response.html.erb (1.0ms)
  Rendered D:/Ruby23/lib/ruby/gems/2.3.0/gems/actionpack-4.2.5/lib/action_dispatch/middleware/templates/rescues/diagnostics.html.erb within rescues/layout (2062.1ms)
  Rendered D:/Ruby23/lib/ruby/gems/2.3.0/gems/web-console-2.3.0/lib/web_console/templates/_markup.html.erb (1.0ms)
  Rendered D:/Ruby23/lib/ruby/gems/2.3.0/gems/web-console-2.3.0/lib/web_console/templates/_inner_console_markup.html.erb within layouts/inlined_string (1.0ms)
  Rendered D:/Ruby23/lib/ruby/gems/2.3.0/gems/web-console-2.3.0/lib/web_console/templates/_prompt_box_markup.html.erb within layouts/inlined_string (1.0ms)
  Rendered D:/Ruby23/lib/ruby/gems/2.3.0/gems/web-console-2.3.0/lib/web_console/templates/style.css.erb within layouts/inlined_string (1.0ms)
  Rendered D:/Ruby23/lib/ruby/gems/2.3.0/gems/web-console-2.3.0/lib/web_console/templates/console.js.erb within layouts/javascript (1891.1ms)
  Rendered D:/Ruby23/lib/ruby/gems/2.3.0/gems/web-console-2.3.0/lib/web_console/templates/main.js.erb within layouts/javascript (1.0ms)
  Rendered D:/Ruby23/lib/ruby/gems/2.3.0/gems/web-console-2.3.0/lib/web_console/templates/error_page.js.erb within layouts/javascript (0.0ms)
  Rendered D:/Ruby23/lib/ruby/gems/2.3.0/gems/web-console-2.3.0/lib/web_console/templates/index.html.erb (4349.2ms)


Started GET "/api/games/adventures" for 127.0.0.1 at 2016-10-10 19:41:06 +0800


Started GET "/api/games/adventures" for 127.0.0.1 at 2016-10-10 19:41:38 +0800


Started GET "/api/games/adventures" for 127.0.0.1 at 2016-10-10 19:41:40 +0800


Started GET "/api/games/adventures" for 127.0.0.1 at 2016-10-10 19:42:07 +0800


Started GET "/api/games/adventures" for 127.0.0.1 at 2016-10-10 19:42:08 +0800


Started GET "/api/games/adventures" for 127.0.0.1 at 2016-10-10 19:42:12 +0800


Started GET "/api/games/adventures" for 127.0.0.1 at 2016-10-10 19:42:43 +0800


Started GET "/api/games/adventures" for 127.0.0.1 at 2016-10-10 19:43:35 +0800


Started GET "/api/games/adventures" for 127.0.0.1 at 2016-10-10 19:43:36 +0800


Started GET "/api/games/adventures" for 127.0.0.1 at 2016-10-10 19:43:39 +0800


Started GET "/api/games/adventures" for 127.0.0.1 at 2016-10-10 19:43:45 +0800


Started GET "/api/games/adventures" for 127.0.0.1 at 2016-10-10 19:43:48 +0800


Started GET "/api/games/adventures" for 127.0.0.1 at 2016-10-10 19:43:49 +0800


Started GET "/api/games/adventures" for 127.0.0.1 at 2016-10-10 19:44:12 +0800


Started GET "/api/games/adventures" for 127.0.0.1 at 2016-10-10 19:44:15 +0800


Started GET "/api/games/adventures" for 127.0.0.1 at 2016-10-10 19:44:17 +0800


Started GET "/api/games/adventures" for 127.0.0.1 at 2016-10-10 19:44:32 +0800


Started GET "/api/games/adventures" for 127.0.0.1 at 2016-10-10 19:44:34 +0800


Started GET "/api/games/adventures" for 127.0.0.1 at 2016-10-10 19:44:37 +0800


Started GET "/api/games/adventures" for 127.0.0.1 at 2016-10-10 19:44:39 +0800


Started GET "/api/games/adventures" for 127.0.0.1 at 2016-10-10 19:44:41 +0800


Started GET "/api/games/true_words" for 127.0.0.1 at 2016-10-10 19:46:51 +0800

NoMethodError (undefined method `[]' for nil:NilClass):
  app/apis/games_api.rb:8:in `block in <class:GamesApi>'


  Rendered D:/Ruby23/lib/ruby/gems/2.3.0/gems/actionpack-4.2.5/lib/action_dispatch/middleware/templates/rescues/_source.erb (1.0ms)
  Rendered D:/Ruby23/lib/ruby/gems/2.3.0/gems/actionpack-4.2.5/lib/action_dispatch/middleware/templates/rescues/_trace.html.erb (4.0ms)
  Rendered D:/Ruby23/lib/ruby/gems/2.3.0/gems/actionpack-4.2.5/lib/action_dispatch/middleware/templates/rescues/_request_and_response.html.erb (17.0ms)
  Rendered D:/Ruby23/lib/ruby/gems/2.3.0/gems/actionpack-4.2.5/lib/action_dispatch/middleware/templates/rescues/diagnostics.html.erb within rescues/layout (2093.1ms)
  Rendered D:/Ruby23/lib/ruby/gems/2.3.0/gems/web-console-2.3.0/lib/web_console/templates/_markup.html.erb (1.0ms)
  Rendered D:/Ruby23/lib/ruby/gems/2.3.0/gems/web-console-2.3.0/lib/web_console/templates/_inner_console_markup.html.erb within layouts/inlined_string (1.0ms)
  Rendered D:/Ruby23/lib/ruby/gems/2.3.0/gems/web-console-2.3.0/lib/web_console/templates/_prompt_box_markup.html.erb within layouts/inlined_string (0.0ms)
  Rendered D:/Ruby23/lib/ruby/gems/2.3.0/gems/web-console-2.3.0/lib/web_console/templates/style.css.erb within layouts/inlined_string (1.0ms)
  Rendered D:/Ruby23/lib/ruby/gems/2.3.0/gems/web-console-2.3.0/lib/web_console/templates/console.js.erb within layouts/javascript (1835.1ms)
  Rendered D:/Ruby23/lib/ruby/gems/2.3.0/gems/web-console-2.3.0/lib/web_console/templates/main.js.erb within layouts/javascript (0.0ms)
  Rendered D:/Ruby23/lib/ruby/gems/2.3.0/gems/web-console-2.3.0/lib/web_console/templates/error_page.js.erb within layouts/javascript (0.0ms)
  Rendered D:/Ruby23/lib/ruby/gems/2.3.0/gems/web-console-2.3.0/lib/web_console/templates/index.html.erb (4255.2ms)


Started GET "/api/games/true_words" for 127.0.0.1 at 2016-10-10 19:49:35 +0800


Started GET "/api/games/hello" for 127.0.0.1 at 2016-10-10 19:49:42 +0800


Started GET "/api/games/hello" for 127.0.0.1 at 2016-10-10 19:49:45 +0800


Started GET "/api/games/hello" for 127.0.0.1 at 2016-10-10 19:50:23 +0800


Started GET "/api/games/true_words" for 127.0.0.1 at 2016-10-10 19:50:28 +0800


Started GET "/api/games/true_words" for 127.0.0.1 at 2016-10-10 19:50:30 +0800


Started GET "/api/games/true_words" for 127.0.0.1 at 2016-10-10 19:50:33 +0800
